-------------------------------------------------------------------------------
Test set: BDDTest.RunCucumberTest
-------------------------------------------------------------------------------
Tests run: 3, Failures: 1, Errors: 0, Skipped: 0, Time elapsed: 0.19 s <<< FAILURE! - in BDDTest.RunCucumberTest
Is it Friday yet?.Friday is Friday  Time elapsed: 0.01 s  <<< FAILURE!
org.opentest4j.AssertionFailedError: expected: <TGIF> but was: <Nope>
	at org.junit.jupiter.api.AssertionFailureBuilder.build(AssertionFailureBuilder.java:151)
	at org.junit.jupiter.api.AssertionFailureBuilder.buildAndThrow(AssertionFailureBuilder.java:132)
	at org.junit.jupiter.api.AssertEquals.failNotEqual(AssertEquals.java:197)
	at org.junit.jupiter.api.AssertEquals.assertEquals(AssertEquals.java:182)
	at org.junit.jupiter.api.AssertEquals.assertEquals(AssertEquals.java:177)
	at org.junit.jupiter.api.Assertions.assertEquals(Assertions.java:1142)
	at BDDTest.StepDefinitions.i_should_be_told(StepDefinitions.java:46)
	at âœ½.I should be told "TGIF"(classpath:features/feat.feature:12)

